# JRE version: Java(TM) SE Runtime Environment (8.0_261-b12) (build 1.8.0_261-b12)
# Java VM: Java HotSpot(TM) 64-Bit Server VM (25.261-b12 mixed mode windows-amd64 compressed oops)
Heap:
 PSYoungGen      total 73728K, used 15745K [0x00000000eb200000, 0x00000000f3500000, 0x0000000100000000)
  eden space 65024K, 10% used [0x00000000eb200000,0x00000000eb8e4fc0,0x00000000ef180000)
  from space 8704K, 99% used [0x00000000ef180000,0x00000000ef9fb450,0x00000000efa00000)
  to   space 10752K, 0% used [0x00000000f2a80000,0x00000000f2a80000,0x00000000f3500000)
 ParOldGen       total 35840K, used 10655K [0x00000000c1600000, 0x00000000c3900000, 0x00000000eb200000)
  object space 35840K, 29% used [0x00000000c1600000,0x00000000c2067ce8,0x00000000c3900000)
 Metaspace       used 31229K, capacity 31578K, committed 32000K, reserved 1077248K
  class space    used 4219K, capacity 4331K, committed 4352K, reserved 1048576K
GC Heap History (10 events):
Event: 1.441 GC heap before
{Heap before GC invocations=4 (full 0):
 PSYoungGen      total 18944K, used 18905K [0x00000000eb200000, 0x00000000ed700000, 0x0000000100000000)
  eden space 16384K, 100% used [0x00000000eb200000,0x00000000ec200000,0x00000000ec200000)
  from space 2560K, 98% used [0x00000000ec200000,0x00000000ec4766c8,0x00000000ec480000)
  to   space 2560K, 0% used [0x00000000ed480000,0x00000000ed480000,0x00000000ed700000)
 ParOldGen       total 44032K, used 88K [0x00000000c1600000, 0x00000000c4100000, 0x00000000eb200000)
  object space 44032K, 0% used [0x00000000c1600000,0x00000000c1616010,0x00000000c4100000)
 Metaspace       used 12125K, capacity 12318K, committed 12672K, reserved 1060864K
  class space    used 1509K, capacity 1595K, committed 1664K, reserved 1048576K
Event: 1.448 GC heap after
Heap after GC invocations=4 (full 0):
 PSYoungGen      total 35328K, used 2528K [0x00000000eb200000, 0x00000000ed700000, 0x0000000100000000)
  eden space 32768K, 0% used [0x00000000eb200000,0x00000000eb200000,0x00000000ed200000)
  from space 2560K, 98% used [0x00000000ed480000,0x00000000ed6f8318,0x00000000ed700000)
  to   space 2560K, 0% used [0x00000000ed200000,0x00000000ed200000,0x00000000ed480000)
 ParOldGen       total 44032K, used 1730K [0x00000000c1600000, 0x00000000c4100000, 0x00000000eb200000)
  object space 44032K, 3% used [0x00000000c1600000,0x00000000c17b0af0,0x00000000c4100000)
 Metaspace       used 12125K, capacity 12318K, committed 12672K, reserved 1060864K
  class space    used 1509K, capacity 1595K, committed 1664K, reserved 1048576K
}
Event: 3.162 GC heap before
{Heap before GC invocations=5 (full 0):
 PSYoungGen      total 35328K, used 35296K [0x00000000eb200000, 0x00000000ed700000, 0x0000000100000000)
  eden space 32768K, 100% used [0x00000000eb200000,0x00000000ed200000,0x00000000ed200000)
  from space 2560K, 98% used [0x00000000ed480000,0x00000000ed6f8318,0x00000000ed700000)
  to   space 2560K, 0% used [0x00000000ed200000,0x00000000ed200000,0x00000000ed480000)
 ParOldGen       total 44032K, used 1730K [0x00000000c1600000, 0x00000000c4100000, 0x00000000eb200000)
  object space 44032K, 3% used [0x00000000c1600000,0x00000000c17b0af0,0x00000000c4100000)
 Metaspace       used 19214K, capacity 19446K, committed 19840K, reserved 1067008K
  class space    used 2471K, capacity 2579K, committed 2688K, reserved 1048576K
Event: 3.177 GC heap after
Heap after GC invocations=5 (full 0):
 PSYoungGen      total 35328K, used 2544K [0x00000000eb200000, 0x00000000f0200000, 0x0000000100000000)
  eden space 32768K, 0% used [0x00000000eb200000,0x00000000eb200000,0x00000000ed200000)
  from space 2560K, 99% used [0x00000000ed200000,0x00000000ed47c328,0x00000000ed480000)
  to   space 8192K, 0% used [0x00000000efa00000,0x00000000efa00000,0x00000000f0200000)
 ParOldGen       total 44032K, used 7378K [0x00000000c1600000, 0x00000000c4100000, 0x00000000eb200000)
  object space 44032K, 16% used [0x00000000c1600000,0x00000000c1d34918,0x00000000c4100000)
 Metaspace       used 19214K, capacity 19446K, committed 19840K, reserved 1067008K
  class space    used 2471K, capacity 2579K, committed 2688K, reserved 1048576K
}
Event: 3.985 GC heap before
{Heap before GC invocations=6 (full 0):
 PSYoungGen      total 35328K, used 16562K [0x00000000eb200000, 0x00000000f0200000, 0x0000000100000000)
  eden space 32768K, 42% used [0x00000000eb200000,0x00000000ebfb0690,0x00000000ed200000)
  from space 2560K, 99% used [0x00000000ed200000,0x00000000ed47c328,0x00000000ed480000)
  to   space 8192K, 0% used [0x00000000efa00000,0x00000000efa00000,0x00000000f0200000)
 ParOldGen       total 44032K, used 7378K [0x00000000c1600000, 0x00000000c4100000, 0x00000000eb200000)
  object space 44032K, 16% used [0x00000000c1600000,0x00000000c1d34918,0x00000000c4100000)
 Metaspace       used 20736K, capacity 21024K, committed 21248K, reserved 1067008K
  class space    used 2628K, capacity 2756K, committed 2816K, reserved 1048576K
Event: 3.995 GC heap after
Heap after GC invocations=6 (full 0):
 PSYoungGen      total 73216K, used 5227K [0x00000000eb200000, 0x00000000f0300000, 0x0000000100000000)
  eden space 65024K, 0% used [0x00000000eb200000,0x00000000eb200000,0x00000000ef180000)
  from space 8192K, 63% used [0x00000000efa00000,0x00000000eff1aed0,0x00000000f0200000)
  to   space 8704K, 0% used [0x00000000ef180000,0x00000000ef180000,0x00000000efa00000)
 ParOldGen       total 44032K, used 7386K [0x00000000c1600000, 0x00000000c4100000, 0x00000000eb200000)
  object space 44032K, 16% used [0x00000000c1600000,0x00000000c1d36918,0x00000000c4100000)
 Metaspace       used 20736K, capacity 21024K, committed 21248K, reserved 1067008K
  class space    used 2628K, capacity 2756K, committed 2816K, reserved 1048576K
}
Event: 3.995 GC heap before
{Heap before GC invocations=7 (full 1):
 PSYoungGen      total 73216K, used 5227K [0x00000000eb200000, 0x00000000f0300000, 0x0000000100000000)
  eden space 65024K, 0% used [0x00000000eb200000,0x00000000eb200000,0x00000000ef180000)
  from space 8192K, 63% used [0x00000000efa00000,0x00000000eff1aed0,0x00000000f0200000)
  to   space 8704K, 0% used [0x00000000ef180000,0x00000000ef180000,0x00000000efa00000)
 ParOldGen       total 44032K, used 7386K [0x00000000c1600000, 0x00000000c4100000, 0x00000000eb200000)
  object space 44032K, 16% used [0x00000000c1600000,0x00000000c1d36918,0x00000000c4100000)
 Metaspace       used 20736K, capacity 21024K, committed 21248K, reserved 1067008K
  class space    used 2628K, capacity 2756K, committed 2816K, reserved 1048576K
Event: 4.035 GC heap after
Heap after GC invocations=7 (full 1):
 PSYoungGen      total 73216K, used 0K [0x00000000eb200000, 0x00000000f0300000, 0x0000000100000000)
  eden space 65024K, 0% used [0x00000000eb200000,0x00000000eb200000,0x00000000ef180000)
  from space 8192K, 0% used [0x00000000efa00000,0x00000000efa00000,0x00000000f0200000)
  to   space 8704K, 0% used [0x00000000ef180000,0x00000000ef180000,0x00000000efa00000)
 ParOldGen       total 35840K, used 10595K [0x00000000c1600000, 0x00000000c3900000, 0x00000000eb200000)
  object space 35840K, 29% used [0x00000000c1600000,0x00000000c2058db8,0x00000000c3900000)
 Metaspace       used 20736K, capacity 21024K, committed 21248K, reserved 1067008K
  class space    used 2628K, capacity 2756K, committed 2816K, reserved 1048576K
}
Event: 5.468 GC heap before
{Heap before GC invocations=8 (full 1):
 PSYoungGen      total 73216K, used 65024K [0x00000000eb200000, 0x00000000f0300000, 0x0000000100000000)
  eden space 65024K, 100% used [0x00000000eb200000,0x00000000ef180000,0x00000000ef180000)
  from space 8192K, 0% used [0x00000000efa00000,0x00000000efa00000,0x00000000f0200000)
  to   space 8704K, 0% used [0x00000000ef180000,0x00000000ef180000,0x00000000efa00000)
 ParOldGen       total 35840K, used 10595K [0x00000000c1600000, 0x00000000c3900000, 0x00000000eb200000)
  object space 35840K, 29% used [0x00000000c1600000,0x00000000c2058db8,0x00000000c3900000)
 Metaspace       used 30552K, capacity 30930K, committed 31360K, reserved 1077248K
  class space    used 4109K, capacity 4201K, committed 4224K, reserved 1048576K
Event: 5.482 GC heap after
Heap after GC invocations=8 (full 1):
 PSYoungGen      total 73728K, used 8685K [0x00000000eb200000, 0x00000000f3500000, 0x0000000100000000)
  eden space 65024K, 0% used [0x00000000eb200000,0x00000000eb200000,0x00000000ef180000)
  from space 8704K, 99% used [0x00000000ef180000,0x00000000ef9fb450,0x00000000efa00000)
  to   space 10752K, 0% used [0x00000000f2a80000,0x00000000f2a80000,0x00000000f3500000)
 ParOldGen       total 35840K, used 10655K [0x00000000c1600000, 0x00000000c3900000, 0x00000000eb200000)
  object space 35840K, 29% used [0x00000000c1600000,0x00000000c2067ce8,0x00000000c3900000)
 Metaspace       used 30552K, capacity 30930K, committed 31360K, reserved 1077248K
  class space    used 4109K, capacity 4201K, committed 4224K, reserved 1048576K
}

